2024-09-07 08:16:33,104 - ERROR - Error in update_frame: unsupported operand type(s) for -: 'float' and 'NoneType'
2024-09-07 08:16:33,257 - ERROR - Error in update_frame: unsupported operand type(s) for -: 'float' and 'NoneType'
2024-09-07 08:16:33,341 - ERROR - Error in update_frame: unsupported operand type(s) for -: 'float' and 'NoneType'
2024-09-07 08:16:33,438 - ERROR - Error in update_frame: unsupported operand type(s) for -: 'float' and 'NoneType'
2024-09-07 08:16:33,520 - ERROR - Error in update_frame: unsupported operand type(s) for -: 'float' and 'NoneType'
2024-09-07 08:16:33,623 - ERROR - Error in update_frame: unsupported operand type(s) for -: 'float' and 'NoneType'
2024-09-07 08:16:33,727 - ERROR - Error in update_frame: unsupported operand type(s) for -: 'float' and 'NoneType'
2024-09-07 08:18:37,793 - ERROR - Error in update_frame: unsupported operand type(s) for -: 'float' and 'NoneType'
2024-09-07 08:18:37,896 - ERROR - Error in update_frame: unsupported operand type(s) for -: 'float' and 'NoneType'
2024-09-07 08:18:37,982 - ERROR - Error in update_frame: unsupported operand type(s) for -: 'float' and 'NoneType'
2024-09-07 08:18:38,084 - ERROR - Error in update_frame: unsupported operand type(s) for -: 'float' and 'NoneType'
2024-09-07 08:18:38,168 - ERROR - Error in update_frame: unsupported operand type(s) for -: 'float' and 'NoneType'
2024-09-07 08:18:38,266 - ERROR - Error in update_frame: unsupported operand type(s) for -: 'float' and 'NoneType'
2024-09-07 08:18:40,294 - ERROR - Error in update_frame: unsupported operand type(s) for -: 'float' and 'NoneType'
2024-09-07 08:18:40,379 - ERROR - Error in update_frame: unsupported operand type(s) for -: 'float' and 'NoneType'
2024-09-07 08:18:40,462 - ERROR - Error in update_frame: unsupported operand type(s) for -: 'float' and 'NoneType'
2024-09-07 08:18:40,538 - ERROR - Error in update_frame: unsupported operand type(s) for -: 'float' and 'NoneType'
2024-09-07 08:18:40,621 - ERROR - Error in update_frame: unsupported operand type(s) for -: 'float' and 'NoneType'
2024-09-07 08:18:40,722 - ERROR - Error in update_frame: unsupported operand type(s) for -: 'float' and 'NoneType'
2024-09-07 08:18:40,804 - ERROR - Error in update_frame: unsupported operand type(s) for -: 'float' and 'NoneType'
2024-09-07 08:20:31,701 - ERROR - Error in update_frame: unsupported operand type(s) for -: 'float' and 'NoneType'
2024-09-07 08:20:31,802 - ERROR - Error in update_frame: unsupported operand type(s) for -: 'float' and 'NoneType'
2024-09-07 08:20:31,878 - ERROR - Error in update_frame: unsupported operand type(s) for -: 'float' and 'NoneType'
2024-09-07 08:20:31,970 - ERROR - Error in update_frame: unsupported operand type(s) for -: 'float' and 'NoneType'
2024-09-07 08:20:32,058 - ERROR - Error in update_frame: unsupported operand type(s) for -: 'float' and 'NoneType'
2024-09-07 08:20:32,138 - ERROR - Error in update_frame: unsupported operand type(s) for -: 'float' and 'NoneType'
2024-09-07 08:20:45,232 - ERROR - Translation Error: 'NoneType' object has no attribute 'group'
2024-09-07 08:20:51,101 - ERROR - Translation Error: 'NoneType' object has no attribute 'group'
2024-09-07 12:23:11,011 - ERROR - Error in update_frame: unsupported operand type(s) for -: 'float' and 'NoneType'
2024-09-07 12:23:11,127 - ERROR - Error in update_frame: unsupported operand type(s) for -: 'float' and 'NoneType'
2024-09-07 12:23:11,322 - ERROR - Error in update_frame: unsupported operand type(s) for -: 'float' and 'NoneType'
2024-09-07 12:23:11,526 - ERROR - Error in update_frame: unsupported operand type(s) for -: 'float' and 'NoneType'
2024-09-07 12:23:11,715 - ERROR - Error in update_frame: unsupported operand type(s) for -: 'float' and 'NoneType'
2024-09-07 12:23:11,912 - ERROR - Error in update_frame: unsupported operand type(s) for -: 'float' and 'NoneType'
2024-09-07 12:23:34,130 - ERROR - Translation Error: 'NoneType' object has no attribute 'group'
2024-09-07 12:25:59,910 - ERROR - Error in update_frame: unsupported operand type(s) for -: 'float' and 'NoneType'
2024-09-07 12:26:00,063 - ERROR - Error in update_frame: unsupported operand type(s) for -: 'float' and 'NoneType'
2024-09-07 12:26:00,159 - ERROR - Error in update_frame: unsupported operand type(s) for -: 'float' and 'NoneType'
2024-09-07 12:26:00,253 - ERROR - Error in update_frame: unsupported operand type(s) for -: 'float' and 'NoneType'
2024-09-07 12:26:00,333 - ERROR - Error in update_frame: unsupported operand type(s) for -: 'float' and 'NoneType'
2024-09-07 12:26:00,431 - ERROR - Error in update_frame: unsupported operand type(s) for -: 'float' and 'NoneType'
2024-09-07 12:26:07,303 - ERROR - Error in update_frame: unsupported operand type(s) for -: 'float' and 'NoneType'
2024-09-07 12:26:07,376 - ERROR - Error in update_frame: unsupported operand type(s) for -: 'float' and 'NoneType'
2024-09-07 12:26:07,446 - ERROR - Error in update_frame: unsupported operand type(s) for -: 'float' and 'NoneType'
2024-09-07 12:26:07,520 - ERROR - Error in update_frame: unsupported operand type(s) for -: 'float' and 'NoneType'
2024-09-07 12:26:07,607 - ERROR - Error in update_frame: unsupported operand type(s) for -: 'float' and 'NoneType'
2024-09-07 12:26:07,696 - ERROR - Error in update_frame: unsupported operand type(s) for -: 'float' and 'NoneType'
2024-09-07 12:26:07,776 - ERROR - Error in update_frame: unsupported operand type(s) for -: 'float' and 'NoneType'
2024-09-07 12:26:07,855 - ERROR - Error in update_frame: unsupported operand type(s) for -: 'float' and 'NoneType'
2024-09-07 12:26:07,933 - ERROR - Error in update_frame: unsupported operand type(s) for -: 'float' and 'NoneType'
2024-09-07 12:26:07,999 - ERROR - Error in update_frame: unsupported operand type(s) for -: 'float' and 'NoneType'
2024-09-07 12:26:08,066 - ERROR - Error in update_frame: unsupported operand type(s) for -: 'float' and 'NoneType'
2024-09-07 12:26:08,155 - ERROR - Error in update_frame: unsupported operand type(s) for -: 'float' and 'NoneType'
2024-09-07 12:26:08,245 - ERROR - Error in update_frame: unsupported operand type(s) for -: 'float' and 'NoneType'
2024-09-07 12:26:16,377 - ERROR - Error in update_frame: unsupported operand type(s) for -: 'float' and 'NoneType'
2024-09-07 12:26:16,446 - ERROR - Error in update_frame: unsupported operand type(s) for -: 'float' and 'NoneType'
2024-09-07 12:26:16,513 - ERROR - Error in update_frame: unsupported operand type(s) for -: 'float' and 'NoneType'
2024-09-07 12:26:16,586 - ERROR - Error in update_frame: unsupported operand type(s) for -: 'float' and 'NoneType'
2024-09-07 12:26:16,660 - ERROR - Error in update_frame: unsupported operand type(s) for -: 'float' and 'NoneType'
2024-09-07 12:26:16,736 - ERROR - Error in update_frame: unsupported operand type(s) for -: 'float' and 'NoneType'
2024-09-07 12:27:04,230 - ERROR - Error in update_frame: unsupported operand type(s) for -: 'float' and 'NoneType'
2024-09-07 12:27:04,377 - ERROR - Error in update_frame: unsupported operand type(s) for -: 'float' and 'NoneType'
2024-09-07 12:27:04,480 - ERROR - Error in update_frame: unsupported operand type(s) for -: 'float' and 'NoneType'
2024-09-07 12:27:04,545 - ERROR - Error in update_frame: unsupported operand type(s) for -: 'float' and 'NoneType'
2024-09-07 12:28:19,982 - ERROR - Error in update_frame: unsupported operand type(s) for -: 'float' and 'NoneType'
2024-09-07 12:28:20,083 - ERROR - Error in update_frame: unsupported operand type(s) for -: 'float' and 'NoneType'
2024-09-07 12:28:20,182 - ERROR - Error in update_frame: unsupported operand type(s) for -: 'float' and 'NoneType'
2024-09-07 12:28:20,281 - ERROR - Error in update_frame: unsupported operand type(s) for -: 'float' and 'NoneType'
2024-09-07 12:28:20,363 - ERROR - Error in update_frame: unsupported operand type(s) for -: 'float' and 'NoneType'
2024-09-07 12:28:20,448 - ERROR - Error in update_frame: unsupported operand type(s) for -: 'float' and 'NoneType'
2024-09-07 12:28:20,526 - ERROR - Error in update_frame: unsupported operand type(s) for -: 'float' and 'NoneType'
2024-09-07 12:28:27,222 - ERROR - Error in update_frame: unsupported operand type(s) for -: 'float' and 'NoneType'
2024-09-07 12:28:27,321 - ERROR - Error in update_frame: unsupported operand type(s) for -: 'float' and 'NoneType'
2024-09-07 12:28:27,419 - ERROR - Error in update_frame: unsupported operand type(s) for -: 'float' and 'NoneType'
2024-09-07 12:28:34,840 - ERROR - Error in update_frame: unsupported operand type(s) for -: 'float' and 'NoneType'
2024-09-07 12:28:34,964 - ERROR - Error in update_frame: unsupported operand type(s) for -: 'float' and 'NoneType'
2024-09-07 12:28:35,050 - ERROR - Error in update_frame: unsupported operand type(s) for -: 'float' and 'NoneType'
2024-09-07 12:28:35,155 - ERROR - Error in update_frame: unsupported operand type(s) for -: 'float' and 'NoneType'
2024-09-07 12:28:35,260 - ERROR - Error in update_frame: unsupported operand type(s) for -: 'float' and 'NoneType'
2024-09-07 12:28:35,355 - ERROR - Error in update_frame: unsupported operand type(s) for -: 'float' and 'NoneType'
2024-09-07 12:28:35,432 - ERROR - Error in update_frame: unsupported operand type(s) for -: 'float' and 'NoneType'
2024-09-07 12:28:35,519 - ERROR - Error in update_frame: unsupported operand type(s) for -: 'float' and 'NoneType'
2024-09-07 12:28:35,605 - ERROR - Error in update_frame: unsupported operand type(s) for -: 'float' and 'NoneType'
2024-09-07 12:28:53,494 - ERROR - Error in update_frame: unsupported operand type(s) for -: 'float' and 'NoneType'
2024-09-07 12:28:53,601 - ERROR - Error in update_frame: unsupported operand type(s) for -: 'float' and 'NoneType'
2024-09-07 12:28:53,674 - ERROR - Error in update_frame: unsupported operand type(s) for -: 'float' and 'NoneType'
2024-09-07 12:28:53,742 - ERROR - Error in update_frame: unsupported operand type(s) for -: 'float' and 'NoneType'
2024-09-07 12:28:53,814 - ERROR - Error in update_frame: unsupported operand type(s) for -: 'float' and 'NoneType'
2024-09-07 12:29:54,686 - ERROR - Error in update_frame: unsupported operand type(s) for -: 'float' and 'NoneType'
2024-09-07 12:29:54,754 - ERROR - Error in update_frame: unsupported operand type(s) for -: 'float' and 'NoneType'
2024-09-07 12:29:54,821 - ERROR - Error in update_frame: unsupported operand type(s) for -: 'float' and 'NoneType'
2024-09-07 12:29:54,891 - ERROR - Error in update_frame: unsupported operand type(s) for -: 'float' and 'NoneType'
2024-09-07 12:29:54,959 - ERROR - Error in update_frame: unsupported operand type(s) for -: 'float' and 'NoneType'
2024-09-07 12:29:55,033 - ERROR - Error in update_frame: unsupported operand type(s) for -: 'float' and 'NoneType'
2024-09-07 12:29:55,142 - ERROR - Error in update_frame: unsupported operand type(s) for -: 'float' and 'NoneType'
2024-09-07 12:29:55,244 - ERROR - Error in update_frame: unsupported operand type(s) for -: 'float' and 'NoneType'
2024-09-07 12:29:55,314 - ERROR - Error in update_frame: unsupported operand type(s) for -: 'float' and 'NoneType'
2024-09-07 12:29:55,379 - ERROR - Error in update_frame: unsupported operand type(s) for -: 'float' and 'NoneType'
2024-09-07 12:30:42,345 - ERROR - Error in speak_text: Failed to connect. Probable cause: Unknown
2024-09-07 12:31:07,535 - ERROR - Error in update_frame: unsupported operand type(s) for -: 'float' and 'NoneType'
2024-09-07 12:31:07,608 - ERROR - Error in update_frame: unsupported operand type(s) for -: 'float' and 'NoneType'
2024-09-07 12:31:07,681 - ERROR - Error in update_frame: unsupported operand type(s) for -: 'float' and 'NoneType'
2024-09-07 12:31:07,779 - ERROR - Error in update_frame: unsupported operand type(s) for -: 'float' and 'NoneType'
2024-09-07 12:31:07,870 - ERROR - Error in update_frame: unsupported operand type(s) for -: 'float' and 'NoneType'
2024-09-07 12:31:07,947 - ERROR - Error in update_frame: unsupported operand type(s) for -: 'float' and 'NoneType'
2024-09-07 12:31:08,040 - ERROR - Error in update_frame: unsupported operand type(s) for -: 'float' and 'NoneType'
2024-09-07 12:31:08,125 - ERROR - Error in update_frame: unsupported operand type(s) for -: 'float' and 'NoneType'
2024-09-07 12:31:08,204 - ERROR - Error in update_frame: unsupported operand type(s) for -: 'float' and 'NoneType'
2024-09-07 12:31:08,270 - ERROR - Error in update_frame: unsupported operand type(s) for -: 'float' and 'NoneType'
2024-09-07 12:31:08,344 - ERROR - Error in update_frame: unsupported operand type(s) for -: 'float' and 'NoneType'
2024-09-07 13:05:49,461 - ERROR - Error in update_frame: unsupported operand type(s) for -: 'float' and 'NoneType'
2024-09-07 13:05:49,528 - ERROR - Error in update_frame: unsupported operand type(s) for -: 'float' and 'NoneType'
2024-09-07 13:05:49,593 - ERROR - Error in update_frame: unsupported operand type(s) for -: 'float' and 'NoneType'
2024-09-07 13:05:49,664 - ERROR - Error in update_frame: unsupported operand type(s) for -: 'float' and 'NoneType'
2024-09-07 13:05:49,731 - ERROR - Error in update_frame: unsupported operand type(s) for -: 'float' and 'NoneType'
2024-09-07 13:05:49,798 - ERROR - Error in update_frame: unsupported operand type(s) for -: 'float' and 'NoneType'
2024-09-07 13:05:52,101 - ERROR - Error in update_frame: unsupported operand type(s) for -: 'float' and 'NoneType'
2024-09-07 13:05:52,191 - ERROR - Error in update_frame: unsupported operand type(s) for -: 'float' and 'NoneType'
2024-09-07 13:05:52,270 - ERROR - Error in update_frame: unsupported operand type(s) for -: 'float' and 'NoneType'
2024-09-07 13:05:52,368 - ERROR - Error in update_frame: unsupported operand type(s) for -: 'float' and 'NoneType'
2024-09-07 13:05:52,458 - ERROR - Error in update_frame: unsupported operand type(s) for -: 'float' and 'NoneType'
2024-09-07 13:05:52,560 - ERROR - Error in update_frame: unsupported operand type(s) for -: 'float' and 'NoneType'
2024-09-07 13:06:07,367 - ERROR - Error in update_frame: unsupported operand type(s) for -: 'float' and 'NoneType'
2024-09-07 13:06:07,453 - ERROR - Error in update_frame: unsupported operand type(s) for -: 'float' and 'NoneType'
2024-09-07 13:06:07,528 - ERROR - Error in update_frame: unsupported operand type(s) for -: 'float' and 'NoneType'
2024-09-07 13:06:07,605 - ERROR - Error in update_frame: unsupported operand type(s) for -: 'float' and 'NoneType'
2024-09-07 13:06:33,220 - ERROR - Error in update_frame: unsupported operand type(s) for -: 'float' and 'NoneType'
2024-09-07 13:06:33,303 - ERROR - Error in update_frame: unsupported operand type(s) for -: 'float' and 'NoneType'
2024-09-07 13:06:33,385 - ERROR - Error in update_frame: unsupported operand type(s) for -: 'float' and 'NoneType'
2024-09-07 13:06:33,468 - ERROR - Error in update_frame: unsupported operand type(s) for -: 'float' and 'NoneType'
2024-09-07 13:06:33,552 - ERROR - Error in update_frame: unsupported operand type(s) for -: 'float' and 'NoneType'
2024-09-07 13:07:04,228 - ERROR - Error in update_frame: unsupported operand type(s) for -: 'float' and 'NoneType'
2024-09-07 13:07:04,310 - ERROR - Error in update_frame: unsupported operand type(s) for -: 'float' and 'NoneType'
2024-09-07 13:07:04,390 - ERROR - Error in update_frame: unsupported operand type(s) for -: 'float' and 'NoneType'
2024-09-07 13:07:04,460 - ERROR - Error in update_frame: unsupported operand type(s) for -: 'float' and 'NoneType'
2024-09-07 13:07:35,090 - ERROR - Error in update_frame: unsupported operand type(s) for -: 'float' and 'NoneType'
2024-09-07 13:07:35,158 - ERROR - Error in update_frame: unsupported operand type(s) for -: 'float' and 'NoneType'
2024-09-07 13:07:35,226 - ERROR - Error in update_frame: unsupported operand type(s) for -: 'float' and 'NoneType'
2024-09-07 13:08:26,466 - ERROR - Error in update_frame: unsupported operand type(s) for -: 'float' and 'NoneType'
2024-09-07 13:08:26,535 - ERROR - Error in update_frame: unsupported operand type(s) for -: 'float' and 'NoneType'
2024-09-07 13:08:26,599 - ERROR - Error in update_frame: unsupported operand type(s) for -: 'float' and 'NoneType'
2024-09-07 13:08:26,662 - ERROR - Error in update_frame: unsupported operand type(s) for -: 'float' and 'NoneType'
2024-09-07 13:08:26,724 - ERROR - Error in update_frame: unsupported operand type(s) for -: 'float' and 'NoneType'
2024-09-07 13:08:26,788 - ERROR - Error in update_frame: unsupported operand type(s) for -: 'float' and 'NoneType'
2024-09-07 13:08:26,853 - ERROR - Error in update_frame: unsupported operand type(s) for -: 'float' and 'NoneType'
2024-09-07 13:08:26,925 - ERROR - Error in update_frame: unsupported operand type(s) for -: 'float' and 'NoneType'
2024-09-07 13:08:26,998 - ERROR - Error in update_frame: unsupported operand type(s) for -: 'float' and 'NoneType'
2024-09-07 13:08:27,063 - ERROR - Error in update_frame: unsupported operand type(s) for -: 'float' and 'NoneType'
2024-09-07 13:08:27,133 - ERROR - Error in update_frame: unsupported operand type(s) for -: 'float' and 'NoneType'
2024-09-07 13:08:27,195 - ERROR - Error in update_frame: unsupported operand type(s) for -: 'float' and 'NoneType'
2024-09-07 13:13:25,960 - ERROR - Error in update_frame: unsupported operand type(s) for -: 'float' and 'NoneType'
2024-09-07 13:13:26,078 - ERROR - Error in update_frame: unsupported operand type(s) for -: 'float' and 'NoneType'
2024-09-07 13:13:26,187 - ERROR - Error in update_frame: unsupported operand type(s) for -: 'float' and 'NoneType'
2024-09-07 13:13:26,294 - ERROR - Error in update_frame: unsupported operand type(s) for -: 'float' and 'NoneType'
2024-09-07 13:13:26,399 - ERROR - Error in update_frame: unsupported operand type(s) for -: 'float' and 'NoneType'
2024-09-07 13:13:40,666 - ERROR - Error in update_frame: unsupported operand type(s) for -: 'float' and 'NoneType'
2024-09-07 13:13:52,096 - ERROR - Error in update_frame: unsupported operand type(s) for -: 'float' and 'NoneType'
2024-09-07 13:13:52,176 - ERROR - Error in update_frame: unsupported operand type(s) for -: 'float' and 'NoneType'
2024-09-07 13:13:52,254 - ERROR - Error in update_frame: unsupported operand type(s) for -: 'float' and 'NoneType'
2024-09-07 13:13:52,349 - ERROR - Error in update_frame: unsupported operand type(s) for -: 'float' and 'NoneType'
2024-09-07 13:13:52,432 - ERROR - Error in update_frame: unsupported operand type(s) for -: 'float' and 'NoneType'
2024-09-07 13:13:52,534 - ERROR - Error in update_frame: unsupported operand type(s) for -: 'float' and 'NoneType'
2024-09-07 13:13:52,607 - ERROR - Error in update_frame: unsupported operand type(s) for -: 'float' and 'NoneType'
2024-09-07 13:13:52,694 - ERROR - Error in update_frame: unsupported operand type(s) for -: 'float' and 'NoneType'
2024-09-07 13:13:52,784 - ERROR - Error in update_frame: unsupported operand type(s) for -: 'float' and 'NoneType'
2024-09-07 13:13:52,876 - ERROR - Error in update_frame: unsupported operand type(s) for -: 'float' and 'NoneType'
2024-09-07 13:13:52,965 - ERROR - Error in update_frame: unsupported operand type(s) for -: 'float' and 'NoneType'
2024-09-07 13:13:53,045 - ERROR - Error in update_frame: unsupported operand type(s) for -: 'float' and 'NoneType'
2024-09-07 13:15:05,564 - ERROR - Error in update_frame: unsupported operand type(s) for -: 'float' and 'NoneType'
2024-09-07 13:15:05,645 - ERROR - Error in update_frame: unsupported operand type(s) for -: 'float' and 'NoneType'
2024-09-07 13:15:05,718 - ERROR - Error in update_frame: unsupported operand type(s) for -: 'float' and 'NoneType'
2024-09-07 13:15:05,787 - ERROR - Error in update_frame: unsupported operand type(s) for -: 'float' and 'NoneType'
2024-09-07 13:15:05,872 - ERROR - Error in update_frame: unsupported operand type(s) for -: 'float' and 'NoneType'
2024-09-07 13:15:05,957 - ERROR - Error in update_frame: unsupported operand type(s) for -: 'float' and 'NoneType'
2024-09-07 13:15:06,039 - ERROR - Error in update_frame: unsupported operand type(s) for -: 'float' and 'NoneType'
2024-09-07 13:15:13,190 - ERROR - Error in update_frame: unsupported operand type(s) for -: 'float' and 'NoneType'
2024-09-07 13:15:13,271 - ERROR - Error in update_frame: unsupported operand type(s) for -: 'float' and 'NoneType'
2024-09-07 13:15:13,335 - ERROR - Error in update_frame: unsupported operand type(s) for -: 'float' and 'NoneType'
2024-09-07 13:15:28,582 - ERROR - Error in update_frame: unsupported operand type(s) for -: 'float' and 'NoneType'
2024-09-07 13:15:28,706 - ERROR - Error in update_frame: unsupported operand type(s) for -: 'float' and 'NoneType'
2024-09-07 13:15:28,792 - ERROR - Error in update_frame: unsupported operand type(s) for -: 'float' and 'NoneType'
2024-09-07 13:15:28,871 - ERROR - Error in update_frame: unsupported operand type(s) for -: 'float' and 'NoneType'
2024-09-07 13:17:13,277 - ERROR - Error in update_frame: unsupported operand type(s) for -: 'float' and 'NoneType'
2024-09-07 13:17:13,435 - ERROR - Error in update_frame: unsupported operand type(s) for -: 'float' and 'NoneType'
2024-09-07 13:17:13,535 - ERROR - Error in update_frame: unsupported operand type(s) for -: 'float' and 'NoneType'
2024-09-07 13:17:13,624 - ERROR - Error in update_frame: unsupported operand type(s) for -: 'float' and 'NoneType'
2024-09-07 13:17:16,576 - ERROR - Error in update_frame: unsupported operand type(s) for -: 'float' and 'NoneType'
2024-09-07 13:17:16,650 - ERROR - Error in update_frame: unsupported operand type(s) for -: 'float' and 'NoneType'
2024-09-07 13:17:16,725 - ERROR - Error in update_frame: unsupported operand type(s) for -: 'float' and 'NoneType'
2024-09-07 13:17:16,799 - ERROR - Error in update_frame: unsupported operand type(s) for -: 'float' and 'NoneType'
2024-09-07 13:17:31,344 - ERROR - Error in update_frame: unsupported operand type(s) for -: 'float' and 'NoneType'
2024-09-07 13:17:31,427 - ERROR - Error in update_frame: unsupported operand type(s) for -: 'float' and 'NoneType'
2024-09-07 13:17:31,510 - ERROR - Error in update_frame: unsupported operand type(s) for -: 'float' and 'NoneType'
2024-09-07 13:17:31,591 - ERROR - Error in update_frame: unsupported operand type(s) for -: 'float' and 'NoneType'
2024-09-07 13:17:31,678 - ERROR - Error in update_frame: unsupported operand type(s) for -: 'float' and 'NoneType'
2024-09-07 13:17:31,769 - ERROR - Error in update_frame: unsupported operand type(s) for -: 'float' and 'NoneType'
2024-09-07 13:17:38,949 - ERROR - Error in update_frame: unsupported operand type(s) for -: 'float' and 'NoneType'
2024-09-07 13:18:05,851 - ERROR - Error in update_frame: unsupported operand type(s) for -: 'float' and 'NoneType'
2024-09-07 13:18:05,944 - ERROR - Error in update_frame: unsupported operand type(s) for -: 'float' and 'NoneType'
2024-09-07 13:18:06,034 - ERROR - Error in update_frame: unsupported operand type(s) for -: 'float' and 'NoneType'
2024-09-07 13:18:06,110 - ERROR - Error in update_frame: unsupported operand type(s) for -: 'float' and 'NoneType'
2024-09-07 13:18:06,197 - ERROR - Error in update_frame: unsupported operand type(s) for -: 'float' and 'NoneType'
2024-09-07 13:18:06,311 - ERROR - Error in update_frame: unsupported operand type(s) for -: 'float' and 'NoneType'
2024-09-07 13:18:06,389 - ERROR - Error in update_frame: unsupported operand type(s) for -: 'float' and 'NoneType'
2024-09-07 13:18:06,464 - ERROR - Error in update_frame: unsupported operand type(s) for -: 'float' and 'NoneType'
2024-09-07 13:18:11,448 - ERROR - Error in update_frame: unsupported operand type(s) for -: 'float' and 'NoneType'
2024-09-07 13:18:11,547 - ERROR - Error in update_frame: unsupported operand type(s) for -: 'float' and 'NoneType'
2024-09-07 13:18:25,881 - ERROR - Error in update_frame: unsupported operand type(s) for -: 'float' and 'NoneType'
2024-09-07 13:18:25,932 - ERROR - Error in update_frame: unsupported operand type(s) for -: 'float' and 'NoneType'
2024-09-07 13:21:10,450 - ERROR - Error in update_frame: unsupported operand type(s) for -: 'float' and 'NoneType'
2024-09-07 13:21:10,526 - ERROR - Error in update_frame: unsupported operand type(s) for -: 'float' and 'NoneType'
2024-09-07 13:21:10,597 - ERROR - Error in update_frame: unsupported operand type(s) for -: 'float' and 'NoneType'
2024-09-07 13:21:10,674 - ERROR - Error in update_frame: unsupported operand type(s) for -: 'float' and 'NoneType'
2024-09-07 13:21:41,561 - ERROR - Error in update_frame: unsupported operand type(s) for -: 'float' and 'NoneType'
2024-09-07 13:21:41,646 - ERROR - Error in update_frame: unsupported operand type(s) for -: 'float' and 'NoneType'
2024-09-07 13:21:41,726 - ERROR - Error in update_frame: unsupported operand type(s) for -: 'float' and 'NoneType'
2024-09-07 13:21:41,819 - ERROR - Error in update_frame: unsupported operand type(s) for -: 'float' and 'NoneType'
2024-09-07 13:22:15,979 - ERROR - Error in update_frame: unsupported operand type(s) for -: 'float' and 'NoneType'
2024-09-07 13:22:16,072 - ERROR - Error in update_frame: unsupported operand type(s) for -: 'float' and 'NoneType'
2024-09-07 13:22:16,162 - ERROR - Error in update_frame: unsupported operand type(s) for -: 'float' and 'NoneType'
2024-09-07 13:22:16,235 - ERROR - Error in update_frame: unsupported operand type(s) for -: 'float' and 'NoneType'
2024-09-07 13:22:16,326 - ERROR - Error in update_frame: unsupported operand type(s) for -: 'float' and 'NoneType'
2024-09-07 13:22:16,418 - ERROR - Error in update_frame: unsupported operand type(s) for -: 'float' and 'NoneType'
2024-09-07 13:22:16,510 - ERROR - Error in update_frame: unsupported operand type(s) for -: 'float' and 'NoneType'
2024-09-07 13:22:16,602 - ERROR - Error in update_frame: unsupported operand type(s) for -: 'float' and 'NoneType'
2024-09-07 13:22:16,711 - ERROR - Error in update_frame: unsupported operand type(s) for -: 'float' and 'NoneType'
2024-09-07 13:22:16,790 - ERROR - Error in update_frame: unsupported operand type(s) for -: 'float' and 'NoneType'
2024-09-07 13:22:16,861 - ERROR - Error in update_frame: unsupported operand type(s) for -: 'float' and 'NoneType'
2024-09-07 13:22:16,946 - ERROR - Error in update_frame: unsupported operand type(s) for -: 'float' and 'NoneType'
2024-09-07 13:22:17,039 - ERROR - Error in update_frame: unsupported operand type(s) for -: 'float' and 'NoneType'
2024-09-07 13:22:17,135 - ERROR - Error in update_frame: unsupported operand type(s) for -: 'float' and 'NoneType'
2024-09-07 13:22:30,962 - ERROR - Error in update_frame: unsupported operand type(s) for -: 'float' and 'NoneType'
2024-09-07 13:22:31,030 - ERROR - Error in update_frame: unsupported operand type(s) for -: 'float' and 'NoneType'
2024-09-07 13:22:31,101 - ERROR - Error in update_frame: unsupported operand type(s) for -: 'float' and 'NoneType'
2024-09-07 13:22:31,183 - ERROR - Error in update_frame: unsupported operand type(s) for -: 'float' and 'NoneType'
2024-09-07 13:22:31,264 - ERROR - Error in update_frame: unsupported operand type(s) for -: 'float' and 'NoneType'
2024-09-07 13:22:31,359 - ERROR - Error in update_frame: unsupported operand type(s) for -: 'float' and 'NoneType'
2024-09-07 13:22:46,697 - ERROR - Error in update_frame: unsupported operand type(s) for -: 'float' and 'NoneType'
2024-09-07 13:22:46,879 - ERROR - Error in update_frame: unsupported operand type(s) for -: 'float' and 'NoneType'
2024-09-07 13:22:47,002 - ERROR - Error in update_frame: unsupported operand type(s) for -: 'float' and 'NoneType'
2024-09-07 13:22:47,094 - ERROR - Error in update_frame: unsupported operand type(s) for -: 'float' and 'NoneType'
2024-09-07 13:23:15,597 - ERROR - Error in update_frame: unsupported operand type(s) for -: 'float' and 'NoneType'
2024-09-07 13:23:15,682 - ERROR - Error in update_frame: unsupported operand type(s) for -: 'float' and 'NoneType'
2024-09-07 13:23:15,765 - ERROR - Error in update_frame: unsupported operand type(s) for -: 'float' and 'NoneType'
2024-09-07 13:23:15,859 - ERROR - Error in update_frame: unsupported operand type(s) for -: 'float' and 'NoneType'
2024-09-07 13:23:15,936 - ERROR - Error in update_frame: unsupported operand type(s) for -: 'float' and 'NoneType'
2024-09-07 13:23:16,045 - ERROR - Error in update_frame: unsupported operand type(s) for -: 'float' and 'NoneType'
2024-09-07 13:23:16,125 - ERROR - Error in update_frame: unsupported operand type(s) for -: 'float' and 'NoneType'
2024-09-07 13:23:16,205 - ERROR - Error in update_frame: unsupported operand type(s) for -: 'float' and 'NoneType'
2024-09-07 13:23:16,308 - ERROR - Error in update_frame: unsupported operand type(s) for -: 'float' and 'NoneType'
2024-09-07 13:23:16,395 - ERROR - Error in update_frame: unsupported operand type(s) for -: 'float' and 'NoneType'
2024-09-07 13:23:16,497 - ERROR - Error in update_frame: unsupported operand type(s) for -: 'float' and 'NoneType'
2024-09-07 13:23:16,579 - ERROR - Error in update_frame: unsupported operand type(s) for -: 'float' and 'NoneType'
2024-09-07 13:23:16,664 - ERROR - Error in update_frame: unsupported operand type(s) for -: 'float' and 'NoneType'
2024-09-07 13:23:16,745 - ERROR - Error in update_frame: unsupported operand type(s) for -: 'float' and 'NoneType'
2024-09-07 13:23:16,829 - ERROR - Error in update_frame: unsupported operand type(s) for -: 'float' and 'NoneType'
2024-09-07 13:23:16,928 - ERROR - Error in update_frame: unsupported operand type(s) for -: 'float' and 'NoneType'
2024-09-07 13:23:17,000 - ERROR - Error in update_frame: unsupported operand type(s) for -: 'float' and 'NoneType'
2024-09-07 13:23:17,102 - ERROR - Error in update_frame: unsupported operand type(s) for -: 'float' and 'NoneType'
2024-09-07 13:23:17,194 - ERROR - Error in update_frame: unsupported operand type(s) for -: 'float' and 'NoneType'
2024-09-07 13:23:17,311 - ERROR - Error in update_frame: unsupported operand type(s) for -: 'float' and 'NoneType'
2024-09-07 13:23:17,423 - ERROR - Error in update_frame: unsupported operand type(s) for -: 'float' and 'NoneType'
2024-09-07 13:23:17,518 - ERROR - Error in update_frame: unsupported operand type(s) for -: 'float' and 'NoneType'
2024-09-07 13:23:17,630 - ERROR - Error in update_frame: unsupported operand type(s) for -: 'float' and 'NoneType'
2024-09-07 13:23:17,712 - ERROR - Error in update_frame: unsupported operand type(s) for -: 'float' and 'NoneType'
2024-09-07 13:23:17,791 - ERROR - Error in update_frame: unsupported operand type(s) for -: 'float' and 'NoneType'
2024-09-07 13:23:17,875 - ERROR - Error in update_frame: unsupported operand type(s) for -: 'float' and 'NoneType'
2024-09-07 13:23:17,978 - ERROR - Error in update_frame: unsupported operand type(s) for -: 'float' and 'NoneType'
2024-09-07 13:23:18,085 - ERROR - Error in update_frame: unsupported operand type(s) for -: 'float' and 'NoneType'
2024-09-07 13:23:18,167 - ERROR - Error in update_frame: unsupported operand type(s) for -: 'float' and 'NoneType'
2024-09-07 13:23:18,259 - ERROR - Error in update_frame: unsupported operand type(s) for -: 'float' and 'NoneType'
2024-09-07 13:23:18,353 - ERROR - Error in update_frame: unsupported operand type(s) for -: 'float' and 'NoneType'
2024-09-07 13:23:18,432 - ERROR - Error in update_frame: unsupported operand type(s) for -: 'float' and 'NoneType'
2024-09-07 13:23:18,510 - ERROR - Error in update_frame: unsupported operand type(s) for -: 'float' and 'NoneType'
2024-09-07 13:23:18,590 - ERROR - Error in update_frame: unsupported operand type(s) for -: 'float' and 'NoneType'
2024-09-08 10:30:14,347 - ERROR - Error in update_frame: unsupported operand type(s) for -: 'float' and 'NoneType'
2024-09-08 10:30:14,461 - ERROR - Error in update_frame: unsupported operand type(s) for -: 'float' and 'NoneType'
2024-09-08 10:30:14,539 - ERROR - Error in update_frame: unsupported operand type(s) for -: 'float' and 'NoneType'
2024-09-08 10:30:14,628 - ERROR - Error in update_frame: unsupported operand type(s) for -: 'float' and 'NoneType'
2024-09-08 10:30:14,720 - ERROR - Error in update_frame: unsupported operand type(s) for -: 'float' and 'NoneType'
2024-09-08 10:30:14,819 - ERROR - Error in update_frame: unsupported operand type(s) for -: 'float' and 'NoneType'
2024-09-08 10:30:14,918 - ERROR - Error in update_frame: unsupported operand type(s) for -: 'float' and 'NoneType'
2024-09-08 10:30:14,999 - ERROR - Error in update_frame: unsupported operand type(s) for -: 'float' and 'NoneType'
2024-09-08 10:30:19,902 - ERROR - Error in update_frame: unsupported operand type(s) for -: 'float' and 'NoneType'
2024-09-08 10:30:19,982 - ERROR - Error in update_frame: unsupported operand type(s) for -: 'float' and 'NoneType'
2024-09-08 10:30:20,064 - ERROR - Error in update_frame: unsupported operand type(s) for -: 'float' and 'NoneType'
2024-09-08 10:30:20,151 - ERROR - Error in update_frame: unsupported operand type(s) for -: 'float' and 'NoneType'
2024-09-08 10:30:20,239 - ERROR - Error in update_frame: unsupported operand type(s) for -: 'float' and 'NoneType'
2024-09-08 10:30:20,341 - ERROR - Error in update_frame: unsupported operand type(s) for -: 'float' and 'NoneType'
2024-09-08 10:30:20,420 - ERROR - Error in update_frame: unsupported operand type(s) for -: 'float' and 'NoneType'
2024-09-08 10:30:20,504 - ERROR - Error in update_frame: unsupported operand type(s) for -: 'float' and 'NoneType'
2024-09-08 10:30:20,605 - ERROR - Error in update_frame: unsupported operand type(s) for -: 'float' and 'NoneType'
2024-09-08 10:30:20,685 - ERROR - Error in update_frame: unsupported operand type(s) for -: 'float' and 'NoneType'
2024-09-08 10:30:20,802 - ERROR - Error in update_frame: unsupported operand type(s) for -: 'float' and 'NoneType'
2024-09-08 10:30:20,880 - ERROR - Error in update_frame: unsupported operand type(s) for -: 'float' and 'NoneType'
2024-09-08 10:30:20,968 - ERROR - Error in update_frame: unsupported operand type(s) for -: 'float' and 'NoneType'
2024-09-08 10:30:21,069 - ERROR - Error in update_frame: unsupported operand type(s) for -: 'float' and 'NoneType'
2024-09-08 10:30:21,194 - ERROR - Error in update_frame: unsupported operand type(s) for -: 'float' and 'NoneType'
2024-09-08 10:30:39,117 - ERROR - Error in update_frame: unsupported operand type(s) for -: 'float' and 'NoneType'
2024-09-08 10:30:39,216 - ERROR - Error in update_frame: unsupported operand type(s) for -: 'float' and 'NoneType'
2024-09-08 10:30:39,298 - ERROR - Error in update_frame: unsupported operand type(s) for -: 'float' and 'NoneType'
2024-09-08 10:30:39,380 - ERROR - Error in update_frame: unsupported operand type(s) for -: 'float' and 'NoneType'
2024-09-08 10:30:39,478 - ERROR - Error in update_frame: unsupported operand type(s) for -: 'float' and 'NoneType'
2024-09-08 10:30:39,573 - ERROR - Error in update_frame: unsupported operand type(s) for -: 'float' and 'NoneType'
2024-09-08 10:30:43,018 - ERROR - Error in update_frame: unsupported operand type(s) for -: 'float' and 'NoneType'
2024-09-08 10:30:43,108 - ERROR - Error in update_frame: unsupported operand type(s) for -: 'float' and 'NoneType'
2024-09-08 10:30:43,204 - ERROR - Error in update_frame: unsupported operand type(s) for -: 'float' and 'NoneType'
2024-09-08 10:30:43,320 - ERROR - Error in update_frame: unsupported operand type(s) for -: 'float' and 'NoneType'
2024-09-08 10:30:43,435 - ERROR - Error in update_frame: unsupported operand type(s) for -: 'float' and 'NoneType'
2024-09-08 10:30:54,996 - ERROR - No suggestions found.
2024-09-08 10:30:56,651 - ERROR - No suggestions found.
2024-09-08 10:31:02,154 - ERROR - No suggestions found.
2024-09-08 10:31:03,175 - ERROR - No suggestions found.
2024-09-08 10:31:05,429 - ERROR - No suggestions found.
2024-09-08 10:31:10,115 - ERROR - Error in update_frame: unsupported operand type(s) for -: 'float' and 'NoneType'
2024-09-08 10:31:10,204 - ERROR - Error in update_frame: unsupported operand type(s) for -: 'float' and 'NoneType'
2024-09-08 10:31:10,291 - ERROR - Error in update_frame: unsupported operand type(s) for -: 'float' and 'NoneType'
2024-09-08 10:31:10,378 - ERROR - Error in update_frame: unsupported operand type(s) for -: 'float' and 'NoneType'
2024-09-08 10:31:10,471 - ERROR - Error in update_frame: unsupported operand type(s) for -: 'float' and 'NoneType'
2024-09-08 10:31:10,659 - ERROR - Error in update_frame: unsupported operand type(s) for -: 'float' and 'NoneType'
2024-09-08 10:32:49,267 - ERROR - Error in update_frame: unsupported operand type(s) for -: 'float' and 'NoneType'
2024-09-08 10:32:49,354 - ERROR - Error in update_frame: unsupported operand type(s) for -: 'float' and 'NoneType'
2024-09-08 10:32:49,459 - ERROR - Error in update_frame: unsupported operand type(s) for -: 'float' and 'NoneType'
2024-09-08 10:32:49,542 - ERROR - Error in update_frame: unsupported operand type(s) for -: 'float' and 'NoneType'
2024-09-08 10:32:49,628 - ERROR - Error in update_frame: unsupported operand type(s) for -: 'float' and 'NoneType'
2024-09-08 10:32:49,708 - ERROR - Error in update_frame: unsupported operand type(s) for -: 'float' and 'NoneType'
2024-09-08 10:32:54,146 - ERROR - Error in update_frame: unsupported operand type(s) for -: 'float' and 'NoneType'
2024-09-08 10:32:54,264 - ERROR - Error in update_frame: unsupported operand type(s) for -: 'float' and 'NoneType'
2024-09-08 10:32:54,380 - ERROR - Error in update_frame: unsupported operand type(s) for -: 'float' and 'NoneType'
2024-09-08 10:32:57,764 - ERROR - Error in update_frame: unsupported operand type(s) for -: 'float' and 'NoneType'
2024-09-08 10:32:57,864 - ERROR - Error in update_frame: unsupported operand type(s) for -: 'float' and 'NoneType'
2024-09-08 10:32:57,944 - ERROR - Error in update_frame: unsupported operand type(s) for -: 'float' and 'NoneType'
2024-09-08 10:33:17,343 - ERROR - Error in update_frame: unsupported operand type(s) for -: 'float' and 'NoneType'
2024-09-08 10:33:17,461 - ERROR - Error in update_frame: unsupported operand type(s) for -: 'float' and 'NoneType'
2024-09-08 10:33:17,544 - ERROR - Error in update_frame: unsupported operand type(s) for -: 'float' and 'NoneType'
2024-09-08 10:33:17,634 - ERROR - Error in update_frame: unsupported operand type(s) for -: 'float' and 'NoneType'
2024-09-08 10:33:27,620 - ERROR - Error in update_frame: unsupported operand type(s) for -: 'float' and 'NoneType'
2024-09-08 10:33:27,703 - ERROR - Error in update_frame: unsupported operand type(s) for -: 'float' and 'NoneType'
2024-09-08 10:33:27,800 - ERROR - Error in update_frame: unsupported operand type(s) for -: 'float' and 'NoneType'
2024-09-08 10:33:27,880 - ERROR - Error in update_frame: unsupported operand type(s) for -: 'float' and 'NoneType'
2024-09-08 10:33:28,002 - ERROR - Error in update_frame: unsupported operand type(s) for -: 'float' and 'NoneType'
2024-09-08 10:33:28,106 - ERROR - Error in update_frame: unsupported operand type(s) for -: 'float' and 'NoneType'
2024-09-08 10:33:28,197 - ERROR - Error in update_frame: unsupported operand type(s) for -: 'float' and 'NoneType'
2024-09-08 10:33:28,309 - ERROR - Error in update_frame: unsupported operand type(s) for -: 'float' and 'NoneType'
2024-09-08 10:33:35,161 - ERROR - Error in update_frame: unsupported operand type(s) for -: 'float' and 'NoneType'
2024-09-08 10:33:35,267 - ERROR - Error in update_frame: unsupported operand type(s) for -: 'float' and 'NoneType'
2024-09-08 10:33:35,359 - ERROR - Error in update_frame: unsupported operand type(s) for -: 'float' and 'NoneType'
2024-09-08 10:33:35,445 - ERROR - Error in update_frame: unsupported operand type(s) for -: 'float' and 'NoneType'
2024-09-08 10:33:35,545 - ERROR - Error in update_frame: unsupported operand type(s) for -: 'float' and 'NoneType'
2024-09-08 10:33:35,625 - ERROR - Error in update_frame: unsupported operand type(s) for -: 'float' and 'NoneType'
2024-09-08 10:33:35,706 - ERROR - Error in update_frame: unsupported operand type(s) for -: 'float' and 'NoneType'
2024-09-08 10:33:35,814 - ERROR - Error in update_frame: unsupported operand type(s) for -: 'float' and 'NoneType'
2024-09-08 10:33:55,307 - ERROR - Error in update_frame: unsupported operand type(s) for -: 'float' and 'NoneType'
2024-09-08 10:33:55,392 - ERROR - Error in update_frame: unsupported operand type(s) for -: 'float' and 'NoneType'
2024-09-08 10:33:55,487 - ERROR - Error in update_frame: unsupported operand type(s) for -: 'float' and 'NoneType'
2024-09-08 10:33:55,575 - ERROR - Error in update_frame: unsupported operand type(s) for -: 'float' and 'NoneType'
2024-09-08 10:34:13,421 - ERROR - Error in update_frame: unsupported operand type(s) for -: 'float' and 'NoneType'
2024-09-08 10:34:13,504 - ERROR - Error in update_frame: unsupported operand type(s) for -: 'float' and 'NoneType'
2024-09-08 10:34:13,589 - ERROR - Error in update_frame: unsupported operand type(s) for -: 'float' and 'NoneType'
2024-09-08 10:34:13,672 - ERROR - Error in update_frame: unsupported operand type(s) for -: 'float' and 'NoneType'
2024-09-08 10:34:13,773 - ERROR - Error in update_frame: unsupported operand type(s) for -: 'float' and 'NoneType'
2024-09-08 10:34:25,683 - ERROR - Error in update_frame: unsupported operand type(s) for -: 'float' and 'NoneType'
2024-09-08 10:34:25,767 - ERROR - Error in update_frame: unsupported operand type(s) for -: 'float' and 'NoneType'
2024-09-08 10:34:25,854 - ERROR - Error in update_frame: unsupported operand type(s) for -: 'float' and 'NoneType'
2024-09-08 10:34:25,935 - ERROR - Error in update_frame: unsupported operand type(s) for -: 'float' and 'NoneType'
2024-09-08 10:34:26,017 - ERROR - Error in update_frame: unsupported operand type(s) for -: 'float' and 'NoneType'
2024-09-08 10:34:26,104 - ERROR - Error in update_frame: unsupported operand type(s) for -: 'float' and 'NoneType'
2024-09-08 10:34:31,278 - ERROR - Error in update_frame: unsupported operand type(s) for -: 'float' and 'NoneType'
2024-09-08 10:34:31,376 - ERROR - Error in update_frame: unsupported operand type(s) for -: 'float' and 'NoneType'
2024-09-08 10:34:31,475 - ERROR - Error in update_frame: unsupported operand type(s) for -: 'float' and 'NoneType'
2024-09-08 10:34:31,575 - ERROR - Error in update_frame: unsupported operand type(s) for -: 'float' and 'NoneType'
2024-09-08 10:34:31,667 - ERROR - Error in update_frame: unsupported operand type(s) for -: 'float' and 'NoneType'
2024-09-08 10:34:31,757 - ERROR - Error in update_frame: unsupported operand type(s) for -: 'float' and 'NoneType'
2024-09-08 11:31:47,863 - ERROR - Translation Error: 'NoneType' object has no attribute 'group'
